mode: set
github.com/pbiondich/openmrs-cli/cmd/omrs/main.go:9.13,11.2 1 0
github.com/pbiondich/openmrs-cli/internal/secrets/secrets.go:23.25,25.2 1 0
github.com/pbiondich/openmrs-cli/internal/secrets/secrets.go:30.42,32.2 1 0
github.com/pbiondich/openmrs-cli/internal/secrets/secrets.go:35.42,37.16 2 0
github.com/pbiondich/openmrs-cli/internal/secrets/secrets.go:37.16,38.42 1 0
github.com/pbiondich/openmrs-cli/internal/secrets/secrets.go:38.42,40.4 1 0
github.com/pbiondich/openmrs-cli/internal/secrets/secrets.go:41.3,41.17 1 0
github.com/pbiondich/openmrs-cli/internal/secrets/secrets.go:43.2,43.16 1 0
github.com/pbiondich/openmrs-cli/internal/secrets/secrets.go:47.35,49.56 2 0
github.com/pbiondich/openmrs-cli/internal/secrets/secrets.go:49.56,51.3 1 0
github.com/pbiondich/openmrs-cli/internal/secrets/secrets.go:52.2,52.12 1 0
github.com/pbiondich/openmrs-cli/internal/output/output.go:26.44,27.9 1 1
github.com/pbiondich/openmrs-cli/internal/output/output.go:28.16,29.18 1 1
github.com/pbiondich/openmrs-cli/internal/output/output.go:30.17,31.19 1 1
github.com/pbiondich/openmrs-cli/internal/output/output.go:32.21,33.19 1 0
github.com/pbiondich/openmrs-cli/internal/output/output.go:34.10,35.18 1 1
github.com/pbiondich/openmrs-cli/internal/output/output.go:39.25,41.16 2 1
github.com/pbiondich/openmrs-cli/internal/output/output.go:41.16,43.3 1 0
github.com/pbiondich/openmrs-cli/internal/output/output.go:44.2,44.41 1 1
github.com/pbiondich/openmrs-cli/internal/output/output.go:90.67,91.22 1 0
github.com/pbiondich/openmrs-cli/internal/output/output.go:91.22,95.3 3 0
github.com/pbiondich/openmrs-cli/internal/output/output.go:96.2,96.48 1 0
github.com/pbiondich/openmrs-cli/internal/output/output.go:96.48,99.3 2 0
github.com/pbiondich/openmrs-cli/internal/output/output.go:100.2,101.12 2 0
github.com/pbiondich/openmrs-cli/internal/output/output.go:104.49,106.9 2 0
github.com/pbiondich/openmrs-cli/internal/output/output.go:106.9,108.3 1 0
github.com/pbiondich/openmrs-cli/internal/output/output.go:109.2,111.25 3 0
github.com/pbiondich/openmrs-cli/internal/output/output.go:111.25,113.3 1 0
github.com/pbiondich/openmrs-cli/internal/output/output.go:114.2,115.28 2 0
github.com/pbiondich/openmrs-cli/internal/output/output.go:115.28,118.26 3 0
github.com/pbiondich/openmrs-cli/internal/output/output.go:118.26,120.4 1 0
github.com/pbiondich/openmrs-cli/internal/output/output.go:121.3,121.44 1 0
github.com/pbiondich/openmrs-cli/internal/output/output.go:123.2,124.58 2 0
github.com/pbiondich/openmrs-cli/internal/output/output.go:127.38,129.36 2 0
github.com/pbiondich/openmrs-cli/internal/output/output.go:129.36,130.45 1 0
github.com/pbiondich/openmrs-cli/internal/output/output.go:130.45,131.12 1 0
github.com/pbiondich/openmrs-cli/internal/output/output.go:133.3,133.68 1 0
github.com/pbiondich/openmrs-cli/internal/output/output.go:135.2,135.11 1 0
github.com/pbiondich/openmrs-cli/internal/output/output.go:138.44,143.29 4 0
github.com/pbiondich/openmrs-cli/internal/output/output.go:143.29,144.24 1 0
github.com/pbiondich/openmrs-cli/internal/output/output.go:144.24,147.4 2 0
github.com/pbiondich/openmrs-cli/internal/output/output.go:149.2,150.19 2 0
github.com/pbiondich/openmrs-cli/internal/output/output.go:150.19,151.15 1 0
github.com/pbiondich/openmrs-cli/internal/output/output.go:151.15,153.4 1 0
github.com/pbiondich/openmrs-cli/internal/output/output.go:156.2,156.33 1 0
github.com/pbiondich/openmrs-cli/internal/output/output.go:156.33,157.49 1 0
github.com/pbiondich/openmrs-cli/internal/output/output.go:157.49,159.4 1 0
github.com/pbiondich/openmrs-cli/internal/output/output.go:161.2,161.30 1 0
github.com/pbiondich/openmrs-cli/internal/output/output.go:166.54,167.47 1 1
github.com/pbiondich/openmrs-cli/internal/output/output.go:167.47,168.37 1 1
github.com/pbiondich/openmrs-cli/internal/output/output.go:168.37,170.4 1 1
github.com/pbiondich/openmrs-cli/internal/output/output.go:172.2,172.11 1 1
github.com/pbiondich/openmrs-cli/internal/output/output.go:175.53,177.48 2 1
github.com/pbiondich/openmrs-cli/internal/output/output.go:177.48,179.10 2 1
github.com/pbiondich/openmrs-cli/internal/output/output.go:179.10,181.4 1 1
github.com/pbiondich/openmrs-cli/internal/output/output.go:182.3,182.16 1 1
github.com/pbiondich/openmrs-cli/internal/output/output.go:184.2,184.25 1 1
github.com/pbiondich/openmrs-cli/internal/output/output.go:187.32,188.23 1 1
github.com/pbiondich/openmrs-cli/internal/output/output.go:189.11,190.12 1 1
github.com/pbiondich/openmrs-cli/internal/output/output.go:191.14,192.11 1 1
github.com/pbiondich/openmrs-cli/internal/output/output.go:193.12,194.31 1 0
github.com/pbiondich/openmrs-cli/internal/output/output.go:195.15,196.29 1 1
github.com/pbiondich/openmrs-cli/internal/output/output.go:196.29,198.4 1 1
github.com/pbiondich/openmrs-cli/internal/output/output.go:199.3,199.45 1 0
github.com/pbiondich/openmrs-cli/internal/output/output.go:200.22,201.41 1 0
github.com/pbiondich/openmrs-cli/internal/output/output.go:201.41,203.4 1 0
github.com/pbiondich/openmrs-cli/internal/output/output.go:204.3,204.38 1 0
github.com/pbiondich/openmrs-cli/internal/output/output.go:204.38,206.4 1 0
github.com/pbiondich/openmrs-cli/internal/output/output.go:207.3,208.19 2 0
github.com/pbiondich/openmrs-cli/internal/output/output.go:209.13,211.23 2 0
github.com/pbiondich/openmrs-cli/internal/output/output.go:211.23,213.4 1 0
github.com/pbiondich/openmrs-cli/internal/output/output.go:214.3,214.35 1 0
github.com/pbiondich/openmrs-cli/internal/output/output.go:215.10,217.19 2 0
github.com/pbiondich/openmrs-cli/internal/output/output.go:221.39,222.17 1 0
github.com/pbiondich/openmrs-cli/internal/output/output.go:222.17,224.3 1 0
github.com/pbiondich/openmrs-cli/internal/output/output.go:225.2,225.24 1 0
github.com/pbiondich/openmrs-cli/internal/output/output.go:236.36,237.34 1 1
github.com/pbiondich/openmrs-cli/internal/output/output.go:237.34,238.32 1 1
github.com/pbiondich/openmrs-cli/internal/output/output.go:238.32,240.4 1 1
github.com/pbiondich/openmrs-cli/internal/output/output.go:242.2,242.14 1 0
github.com/pbiondich/openmrs-cli/internal/output/output.go:248.39,251.2 2 0
github.com/pbiondich/openmrs-cli/internal/output/output.go:256.48,258.30 2 1
github.com/pbiondich/openmrs-cli/internal/output/output.go:258.30,260.32 2 1
github.com/pbiondich/openmrs-cli/internal/output/output.go:260.32,262.4 1 1
github.com/pbiondich/openmrs-cli/internal/output/output.go:263.3,263.62 1 1
github.com/pbiondich/openmrs-cli/internal/output/output.go:266.2,266.33 1 1
github.com/pbiondich/openmrs-cli/internal/output/output.go:266.33,270.3 3 1
github.com/pbiondich/openmrs-cli/internal/output/output.go:272.2,273.25 2 0
github.com/pbiondich/openmrs-cli/internal/output/output.go:273.25,275.3 1 0
github.com/pbiondich/openmrs-cli/internal/output/output.go:276.2,276.37 1 0
github.com/pbiondich/openmrs-cli/internal/output/output.go:276.37,278.3 1 0
github.com/pbiondich/openmrs-cli/internal/output/output.go:279.2,279.37 1 0
github.com/pbiondich/openmrs-cli/internal/output/output.go:282.25,284.16 2 0
github.com/pbiondich/openmrs-cli/internal/output/output.go:284.16,286.3 1 0
github.com/pbiondich/openmrs-cli/internal/output/output.go:287.2,287.41 1 0
github.com/pbiondich/openmrs-cli/internal/cli/concept.go:23.54,26.25 3 0
github.com/pbiondich/openmrs-cli/internal/cli/concept.go:26.25,28.4 1 0
github.com/pbiondich/openmrs-cli/internal/cli/concept.go:29.3,29.26 1 0
github.com/pbiondich/openmrs-cli/internal/cli/concept.go:29.26,31.4 1 0
github.com/pbiondich/openmrs-cli/internal/cli/concept.go:32.3,32.64 1 0
github.com/pbiondich/openmrs-cli/internal/cli/concept.go:36.13,41.2 4 1
github.com/pbiondich/openmrs-cli/internal/cli/configcmd.go:30.54,31.79 1 0
github.com/pbiondich/openmrs-cli/internal/cli/configcmd.go:31.79,33.4 1 0
github.com/pbiondich/openmrs-cli/internal/cli/configcmd.go:34.3,34.55 1 0
github.com/pbiondich/openmrs-cli/internal/cli/configcmd.go:34.55,36.4 1 0
github.com/pbiondich/openmrs-cli/internal/cli/configcmd.go:37.3,38.13 2 0
github.com/pbiondich/openmrs-cli/internal/cli/configcmd.go:45.54,47.17 2 0
github.com/pbiondich/openmrs-cli/internal/cli/configcmd.go:47.17,49.4 1 0
github.com/pbiondich/openmrs-cli/internal/cli/configcmd.go:50.3,51.37 2 0
github.com/pbiondich/openmrs-cli/internal/cli/configcmd.go:51.37,53.37 2 0
github.com/pbiondich/openmrs-cli/internal/cli/configcmd.go:53.37,55.5 1 0
github.com/pbiondich/openmrs-cli/internal/cli/configcmd.go:55.10,55.31 1 0
github.com/pbiondich/openmrs-cli/internal/cli/configcmd.go:55.31,57.5 1 0
github.com/pbiondich/openmrs-cli/internal/cli/configcmd.go:58.4,58.87 1 0
github.com/pbiondich/openmrs-cli/internal/cli/configcmd.go:60.3,64.26 1 0
github.com/pbiondich/openmrs-cli/internal/cli/configcmd.go:85.54,88.17 3 0
github.com/pbiondich/openmrs-cli/internal/cli/configcmd.go:88.17,90.4 1 0
github.com/pbiondich/openmrs-cli/internal/cli/configcmd.go:91.3,92.26 2 0
github.com/pbiondich/openmrs-cli/internal/cli/configcmd.go:92.26,94.18 2 0
github.com/pbiondich/openmrs-cli/internal/cli/configcmd.go:94.18,96.5 1 0
github.com/pbiondich/openmrs-cli/internal/cli/configcmd.go:97.4,97.16 1 0
github.com/pbiondich/openmrs-cli/internal/cli/configcmd.go:99.3,99.27 1 0
github.com/pbiondich/openmrs-cli/internal/cli/configcmd.go:99.27,101.4 1 0
github.com/pbiondich/openmrs-cli/internal/cli/configcmd.go:102.3,102.30 1 0
github.com/pbiondich/openmrs-cli/internal/cli/configcmd.go:102.30,105.35 3 0
github.com/pbiondich/openmrs-cli/internal/cli/configcmd.go:105.35,107.5 1 0
github.com/pbiondich/openmrs-cli/internal/cli/configcmd.go:108.4,109.22 2 0
github.com/pbiondich/openmrs-cli/internal/cli/configcmd.go:109.22,111.5 1 0
github.com/pbiondich/openmrs-cli/internal/cli/configcmd.go:114.4,114.54 1 0
github.com/pbiondich/openmrs-cli/internal/cli/configcmd.go:114.54,118.5 3 0
github.com/pbiondich/openmrs-cli/internal/cli/configcmd.go:118.10,121.5 2 0
github.com/pbiondich/openmrs-cli/internal/cli/configcmd.go:123.3,123.18 1 0
github.com/pbiondich/openmrs-cli/internal/cli/configcmd.go:123.18,125.4 1 0
github.com/pbiondich/openmrs-cli/internal/cli/configcmd.go:127.3,127.64 1 0
github.com/pbiondich/openmrs-cli/internal/cli/configcmd.go:127.64,129.4 1 0
github.com/pbiondich/openmrs-cli/internal/cli/configcmd.go:129.9,131.4 1 0
github.com/pbiondich/openmrs-cli/internal/cli/configcmd.go:132.3,133.31 2 0
github.com/pbiondich/openmrs-cli/internal/cli/configcmd.go:133.31,135.4 1 0
github.com/pbiondich/openmrs-cli/internal/cli/configcmd.go:136.3,136.42 1 0
github.com/pbiondich/openmrs-cli/internal/cli/configcmd.go:136.42,138.4 1 0
github.com/pbiondich/openmrs-cli/internal/cli/configcmd.go:139.3,140.13 2 0
github.com/pbiondich/openmrs-cli/internal/cli/configcmd.go:148.54,151.17 3 0
github.com/pbiondich/openmrs-cli/internal/cli/configcmd.go:151.17,153.4 1 0
github.com/pbiondich/openmrs-cli/internal/cli/configcmd.go:154.3,154.39 1 0
github.com/pbiondich/openmrs-cli/internal/cli/configcmd.go:154.39,156.4 1 0
github.com/pbiondich/openmrs-cli/internal/cli/configcmd.go:157.3,157.46 1 0
github.com/pbiondich/openmrs-cli/internal/cli/configcmd.go:157.46,159.4 1 0
github.com/pbiondich/openmrs-cli/internal/cli/configcmd.go:160.3,161.33 2 0
github.com/pbiondich/openmrs-cli/internal/cli/configcmd.go:161.33,163.4 1 0
github.com/pbiondich/openmrs-cli/internal/cli/configcmd.go:164.3,164.42 1 0
github.com/pbiondich/openmrs-cli/internal/cli/configcmd.go:164.42,166.4 1 0
github.com/pbiondich/openmrs-cli/internal/cli/configcmd.go:167.3,168.13 2 0
github.com/pbiondich/openmrs-cli/internal/cli/configcmd.go:176.54,179.17 3 0
github.com/pbiondich/openmrs-cli/internal/cli/configcmd.go:179.17,181.4 1 0
github.com/pbiondich/openmrs-cli/internal/cli/configcmd.go:182.3,182.39 1 0
github.com/pbiondich/openmrs-cli/internal/cli/configcmd.go:182.39,184.4 1 0
github.com/pbiondich/openmrs-cli/internal/cli/configcmd.go:185.3,186.42 2 0
github.com/pbiondich/openmrs-cli/internal/cli/configcmd.go:186.42,188.4 1 0
github.com/pbiondich/openmrs-cli/internal/cli/configcmd.go:189.3,190.13 2 0
github.com/pbiondich/openmrs-cli/internal/cli/configcmd.go:194.13,200.2 5 1
github.com/pbiondich/openmrs-cli/internal/cli/dates.go:21.68,25.57 3 1
github.com/pbiondich/openmrs-cli/internal/cli/dates.go:25.57,26.15 1 1
github.com/pbiondich/openmrs-cli/internal/cli/dates.go:26.15,28.4 1 1
github.com/pbiondich/openmrs-cli/internal/cli/dates.go:28.9,30.4 1 1
github.com/pbiondich/openmrs-cli/internal/cli/dates.go:31.3,31.49 1 1
github.com/pbiondich/openmrs-cli/internal/cli/dates.go:34.2,34.28 1 1
github.com/pbiondich/openmrs-cli/internal/cli/dates.go:35.15,36.21 1 1
github.com/pbiondich/openmrs-cli/internal/cli/dates.go:37.19,38.39 1 1
github.com/pbiondich/openmrs-cli/internal/cli/dates.go:41.2,41.70 1 1
github.com/pbiondich/openmrs-cli/internal/cli/dates.go:41.70,44.15 3 1
github.com/pbiondich/openmrs-cli/internal/cli/dates.go:45.12,46.29 1 1
github.com/pbiondich/openmrs-cli/internal/cli/dates.go:47.12,48.31 1 1
github.com/pbiondich/openmrs-cli/internal/cli/dates.go:49.12,50.29 1 1
github.com/pbiondich/openmrs-cli/internal/cli/dates.go:51.12,52.29 1 1
github.com/pbiondich/openmrs-cli/internal/cli/dates.go:54.3,54.19 1 1
github.com/pbiondich/openmrs-cli/internal/cli/dates.go:57.2,57.77 1 1
github.com/pbiondich/openmrs-cli/internal/cli/dates.go:57.77,58.72 1 1
github.com/pbiondich/openmrs-cli/internal/cli/dates.go:58.72,60.4 1 1
github.com/pbiondich/openmrs-cli/internal/cli/dates.go:62.2,62.77 1 1
github.com/pbiondich/openmrs-cli/internal/cli/dates.go:62.77,64.3 1 1
github.com/pbiondich/openmrs-cli/internal/cli/dates.go:66.2,67.93 1 1
github.com/pbiondich/openmrs-cli/internal/cli/dates.go:81.104,84.28 3 1
github.com/pbiondich/openmrs-cli/internal/cli/dates.go:84.28,88.10 4 1
github.com/pbiondich/openmrs-cli/internal/cli/dates.go:88.10,89.12 1 1
github.com/pbiondich/openmrs-cli/internal/cli/dates.go:91.3,91.41 1 1
github.com/pbiondich/openmrs-cli/internal/cli/dates.go:91.41,92.12 1 1
github.com/pbiondich/openmrs-cli/internal/cli/dates.go:94.3,94.40 1 1
github.com/pbiondich/openmrs-cli/internal/cli/dates.go:94.40,95.12 1 1
github.com/pbiondich/openmrs-cli/internal/cli/dates.go:97.3,97.25 1 1
github.com/pbiondich/openmrs-cli/internal/cli/dates.go:99.2,100.13 2 1
github.com/pbiondich/openmrs-cli/internal/cli/dates.go:103.54,104.44 1 1
github.com/pbiondich/openmrs-cli/internal/cli/dates.go:104.44,105.50 1 1
github.com/pbiondich/openmrs-cli/internal/cli/dates.go:105.50,107.4 1 1
github.com/pbiondich/openmrs-cli/internal/cli/dates.go:109.2,109.27 1 1
github.com/pbiondich/openmrs-cli/internal/cli/dates.go:114.44,115.16 1 0
github.com/pbiondich/openmrs-cli/internal/cli/dates.go:115.16,117.3 1 0
github.com/pbiondich/openmrs-cli/internal/cli/encounter.go:24.54,26.29 2 0
github.com/pbiondich/openmrs-cli/internal/cli/encounter.go:26.29,28.4 1 0
github.com/pbiondich/openmrs-cli/internal/cli/encounter.go:29.3,29.26 1 0
github.com/pbiondich/openmrs-cli/internal/cli/encounter.go:29.26,31.4 1 0
github.com/pbiondich/openmrs-cli/internal/cli/encounter.go:32.3,32.27 1 0
github.com/pbiondich/openmrs-cli/internal/cli/encounter.go:32.27,34.18 2 0
github.com/pbiondich/openmrs-cli/internal/cli/encounter.go:34.18,36.5 1 0
github.com/pbiondich/openmrs-cli/internal/cli/encounter.go:37.4,37.29 1 0
github.com/pbiondich/openmrs-cli/internal/cli/encounter.go:39.3,39.27 1 0
github.com/pbiondich/openmrs-cli/internal/cli/encounter.go:39.27,41.18 2 0
github.com/pbiondich/openmrs-cli/internal/cli/encounter.go:41.18,43.5 1 0
github.com/pbiondich/openmrs-cli/internal/cli/encounter.go:44.4,44.27 1 0
github.com/pbiondich/openmrs-cli/internal/cli/encounter.go:46.3,47.68 2 0
github.com/pbiondich/openmrs-cli/internal/cli/encounter.go:51.13,58.2 6 1
github.com/pbiondich/openmrs-cli/internal/cli/get.go:35.54,40.48 3 0
github.com/pbiondich/openmrs-cli/internal/cli/get.go:40.48,42.18 2 0
github.com/pbiondich/openmrs-cli/internal/cli/get.go:42.18,44.5 1 0
github.com/pbiondich/openmrs-cli/internal/cli/get.go:45.4,45.30 1 0
github.com/pbiondich/openmrs-cli/internal/cli/get.go:45.30,46.26 1 0
github.com/pbiondich/openmrs-cli/internal/cli/get.go:46.26,48.6 1 0
github.com/pbiondich/openmrs-cli/internal/cli/get.go:50.4,50.19 1 0
github.com/pbiondich/openmrs-cli/internal/cli/get.go:52.3,52.32 1 0
github.com/pbiondich/openmrs-cli/internal/cli/get.go:52.32,54.25 2 0
github.com/pbiondich/openmrs-cli/internal/cli/get.go:54.25,56.5 1 0
github.com/pbiondich/openmrs-cli/internal/cli/get.go:57.4,57.20 1 0
github.com/pbiondich/openmrs-cli/internal/cli/get.go:60.3,61.27 2 0
github.com/pbiondich/openmrs-cli/internal/cli/get.go:61.27,64.4 1 0
github.com/pbiondich/openmrs-cli/internal/cli/get.go:65.3,65.58 1 0
github.com/pbiondich/openmrs-cli/internal/cli/get.go:72.39,74.16 2 1
github.com/pbiondich/openmrs-cli/internal/cli/get.go:74.16,76.3 1 0
github.com/pbiondich/openmrs-cli/internal/cli/get.go:77.2,78.64 2 1
github.com/pbiondich/openmrs-cli/internal/cli/get.go:81.13,84.2 2 1
github.com/pbiondich/openmrs-cli/internal/cli/location.go:23.54,25.24 2 0
github.com/pbiondich/openmrs-cli/internal/cli/location.go:25.24,27.4 1 0
github.com/pbiondich/openmrs-cli/internal/cli/location.go:28.3,28.66 1 0
github.com/pbiondich/openmrs-cli/internal/cli/location.go:32.13,36.2 3 1
github.com/pbiondich/openmrs-cli/internal/cli/login.go:49.56,51.16 2 0
github.com/pbiondich/openmrs-cli/internal/cli/login.go:51.16,53.3 1 0
github.com/pbiondich/openmrs-cli/internal/cli/login.go:55.2,55.15 1 0
github.com/pbiondich/openmrs-cli/internal/cli/login.go:55.15,57.3 1 0
github.com/pbiondich/openmrs-cli/internal/cli/login.go:60.2,61.23 2 0
github.com/pbiondich/openmrs-cli/internal/cli/login.go:61.23,63.3 1 0
github.com/pbiondich/openmrs-cli/internal/cli/login.go:64.2,64.23 1 0
github.com/pbiondich/openmrs-cli/internal/cli/login.go:64.23,66.3 1 0
github.com/pbiondich/openmrs-cli/internal/cli/login.go:67.2,67.23 1 0
github.com/pbiondich/openmrs-cli/internal/cli/login.go:67.23,69.3 1 0
github.com/pbiondich/openmrs-cli/internal/cli/login.go:70.2,75.21 4 0
github.com/pbiondich/openmrs-cli/internal/cli/login.go:75.21,77.16 2 0
github.com/pbiondich/openmrs-cli/internal/cli/login.go:77.16,79.4 1 0
github.com/pbiondich/openmrs-cli/internal/cli/login.go:80.3,80.80 1 0
github.com/pbiondich/openmrs-cli/internal/cli/login.go:82.2,85.20 3 0
github.com/pbiondich/openmrs-cli/internal/cli/login.go:85.20,87.16 2 0
github.com/pbiondich/openmrs-cli/internal/cli/login.go:87.16,89.4 1 0
github.com/pbiondich/openmrs-cli/internal/cli/login.go:90.3,90.77 1 0
github.com/pbiondich/openmrs-cli/internal/cli/login.go:93.2,94.24 2 0
github.com/pbiondich/openmrs-cli/internal/cli/login.go:94.24,96.34 2 0
github.com/pbiondich/openmrs-cli/internal/cli/login.go:96.34,98.4 1 0
github.com/pbiondich/openmrs-cli/internal/cli/login.go:99.3,99.45 1 0
github.com/pbiondich/openmrs-cli/internal/cli/login.go:100.8,104.17 4 0
github.com/pbiondich/openmrs-cli/internal/cli/login.go:104.17,106.4 1 0
github.com/pbiondich/openmrs-cli/internal/cli/login.go:107.3,107.24 1 0
github.com/pbiondich/openmrs-cli/internal/cli/login.go:109.2,109.20 1 0
github.com/pbiondich/openmrs-cli/internal/cli/login.go:109.20,111.3 1 0
github.com/pbiondich/openmrs-cli/internal/cli/login.go:113.2,113.78 1 0
github.com/pbiondich/openmrs-cli/internal/cli/login.go:119.45,120.24 1 1
github.com/pbiondich/openmrs-cli/internal/cli/login.go:120.24,125.3 1 1
github.com/pbiondich/openmrs-cli/internal/cli/login.go:126.2,126.22 1 1
github.com/pbiondich/openmrs-cli/internal/cli/login.go:126.22,131.3 1 1
github.com/pbiondich/openmrs-cli/internal/cli/login.go:132.2,132.24 1 1
github.com/pbiondich/openmrs-cli/internal/cli/login.go:132.24,137.3 1 1
github.com/pbiondich/openmrs-cli/internal/cli/login.go:139.2,140.23 2 0
github.com/pbiondich/openmrs-cli/internal/cli/login.go:140.23,142.3 1 0
github.com/pbiondich/openmrs-cli/internal/cli/login.go:144.2,144.100 1 0
github.com/pbiondich/openmrs-cli/internal/cli/login.go:150.114,152.16 2 0
github.com/pbiondich/openmrs-cli/internal/cli/login.go:152.16,154.3 1 0
github.com/pbiondich/openmrs-cli/internal/cli/login.go:155.2,159.16 4 0
github.com/pbiondich/openmrs-cli/internal/cli/login.go:159.16,161.3 1 0
github.com/pbiondich/openmrs-cli/internal/cli/login.go:162.2,162.52 1 0
github.com/pbiondich/openmrs-cli/internal/cli/login.go:162.52,167.3 1 0
github.com/pbiondich/openmrs-cli/internal/cli/login.go:169.2,171.59 3 0
github.com/pbiondich/openmrs-cli/internal/cli/login.go:171.59,175.3 3 0
github.com/pbiondich/openmrs-cli/internal/cli/login.go:175.8,177.3 1 0
github.com/pbiondich/openmrs-cli/internal/cli/login.go:178.2,179.44 2 0
github.com/pbiondich/openmrs-cli/internal/cli/login.go:179.44,181.3 1 0
github.com/pbiondich/openmrs-cli/internal/cli/login.go:182.2,182.41 1 0
github.com/pbiondich/openmrs-cli/internal/cli/login.go:182.41,184.3 1 0
github.com/pbiondich/openmrs-cli/internal/cli/login.go:186.2,188.19 3 0
github.com/pbiondich/openmrs-cli/internal/cli/login.go:188.19,190.3 1 0
github.com/pbiondich/openmrs-cli/internal/cli/login.go:191.2,192.53 2 0
github.com/pbiondich/openmrs-cli/internal/cli/login.go:192.53,194.3 1 0
github.com/pbiondich/openmrs-cli/internal/cli/login.go:195.2,196.12 2 0
github.com/pbiondich/openmrs-cli/internal/cli/login.go:203.54,205.17 2 0
github.com/pbiondich/openmrs-cli/internal/cli/login.go:205.17,207.4 1 0
github.com/pbiondich/openmrs-cli/internal/cli/login.go:208.3,209.24 2 0
github.com/pbiondich/openmrs-cli/internal/cli/login.go:209.24,211.4 1 0
github.com/pbiondich/openmrs-cli/internal/cli/login.go:212.3,213.10 2 0
github.com/pbiondich/openmrs-cli/internal/cli/login.go:213.10,215.4 1 0
github.com/pbiondich/openmrs-cli/internal/cli/login.go:216.3,216.53 1 0
github.com/pbiondich/openmrs-cli/internal/cli/login.go:216.53,218.4 1 0
github.com/pbiondich/openmrs-cli/internal/cli/login.go:219.3,222.42 4 0
github.com/pbiondich/openmrs-cli/internal/cli/login.go:222.42,224.4 1 0
github.com/pbiondich/openmrs-cli/internal/cli/login.go:225.3,226.13 2 0
github.com/pbiondich/openmrs-cli/internal/cli/login.go:234.54,236.17 2 0
github.com/pbiondich/openmrs-cli/internal/cli/login.go:236.17,238.4 1 0
github.com/pbiondich/openmrs-cli/internal/cli/login.go:239.3,240.17 2 0
github.com/pbiondich/openmrs-cli/internal/cli/login.go:240.17,242.4 1 0
github.com/pbiondich/openmrs-cli/internal/cli/login.go:243.3,244.12 2 0
github.com/pbiondich/openmrs-cli/internal/cli/login.go:244.12,249.4 1 0
github.com/pbiondich/openmrs-cli/internal/cli/login.go:250.3,258.38 3 0
github.com/pbiondich/openmrs-cli/internal/cli/login.go:258.38,260.4 1 0
github.com/pbiondich/openmrs-cli/internal/cli/login.go:261.3,262.13 2 0
github.com/pbiondich/openmrs-cli/internal/cli/login.go:266.64,270.16 4 0
github.com/pbiondich/openmrs-cli/internal/cli/login.go:270.16,272.3 1 0
github.com/pbiondich/openmrs-cli/internal/cli/login.go:273.2,273.13 1 0
github.com/pbiondich/openmrs-cli/internal/cli/login.go:276.13,280.2 3 1
github.com/pbiondich/openmrs-cli/internal/cli/obs.go:27.54,29.23 2 0
github.com/pbiondich/openmrs-cli/internal/cli/obs.go:29.23,31.4 1 0
github.com/pbiondich/openmrs-cli/internal/cli/obs.go:32.3,32.25 1 0
github.com/pbiondich/openmrs-cli/internal/cli/obs.go:32.25,34.4 1 0
github.com/pbiondich/openmrs-cli/internal/cli/obs.go:35.3,35.23 1 0
github.com/pbiondich/openmrs-cli/internal/cli/obs.go:35.23,37.4 1 0
github.com/pbiondich/openmrs-cli/internal/cli/obs.go:38.3,44.21 4 0
github.com/pbiondich/openmrs-cli/internal/cli/obs.go:44.21,45.62 1 0
github.com/pbiondich/openmrs-cli/internal/cli/obs.go:45.62,47.5 1 0
github.com/pbiondich/openmrs-cli/internal/cli/obs.go:49.3,49.21 1 0
github.com/pbiondich/openmrs-cli/internal/cli/obs.go:49.21,50.61 1 0
github.com/pbiondich/openmrs-cli/internal/cli/obs.go:50.61,52.5 1 0
github.com/pbiondich/openmrs-cli/internal/cli/obs.go:55.3,56.17 2 0
github.com/pbiondich/openmrs-cli/internal/cli/obs.go:56.17,58.4 1 0
github.com/pbiondich/openmrs-cli/internal/cli/obs.go:59.3,59.41 1 0
github.com/pbiondich/openmrs-cli/internal/cli/obs.go:59.41,62.4 2 0
github.com/pbiondich/openmrs-cli/internal/cli/obs.go:63.3,63.49 1 0
github.com/pbiondich/openmrs-cli/internal/cli/obs.go:67.13,75.2 7 1
github.com/pbiondich/openmrs-cli/internal/cli/patient.go:24.54,26.26 2 0
github.com/pbiondich/openmrs-cli/internal/cli/patient.go:26.26,28.4 1 0
github.com/pbiondich/openmrs-cli/internal/cli/patient.go:28.9,30.4 1 0
github.com/pbiondich/openmrs-cli/internal/cli/patient.go:31.3,31.64 1 0
github.com/pbiondich/openmrs-cli/internal/cli/patient.go:35.13,39.2 3 1
github.com/pbiondich/openmrs-cli/internal/cli/ping.go:16.54,18.17 2 0
github.com/pbiondich/openmrs-cli/internal/cli/ping.go:18.17,20.4 1 0
github.com/pbiondich/openmrs-cli/internal/cli/ping.go:21.3,23.17 3 0
github.com/pbiondich/openmrs-cli/internal/cli/ping.go:23.17,25.4 1 0
github.com/pbiondich/openmrs-cli/internal/cli/ping.go:26.3,34.38 4 0
github.com/pbiondich/openmrs-cli/internal/cli/ping.go:34.38,36.4 1 0
github.com/pbiondich/openmrs-cli/internal/cli/ping.go:37.3,38.13 2 0
github.com/pbiondich/openmrs-cli/internal/cli/ping.go:45.54,47.17 2 0
github.com/pbiondich/openmrs-cli/internal/cli/ping.go:47.17,49.4 1 0
github.com/pbiondich/openmrs-cli/internal/cli/ping.go:50.3,51.17 2 0
github.com/pbiondich/openmrs-cli/internal/cli/ping.go:51.17,53.4 1 0
github.com/pbiondich/openmrs-cli/internal/cli/ping.go:54.3,54.46 1 0
github.com/pbiondich/openmrs-cli/internal/cli/ping.go:58.13,60.2 1 1
github.com/pbiondich/openmrs-cli/internal/cli/provider.go:21.54,23.26 2 0
github.com/pbiondich/openmrs-cli/internal/cli/provider.go:23.26,25.4 1 0
github.com/pbiondich/openmrs-cli/internal/cli/provider.go:26.3,26.66 1 0
github.com/pbiondich/openmrs-cli/internal/cli/provider.go:30.13,34.2 3 1
github.com/pbiondich/openmrs-cli/internal/cli/root.go:68.13,81.2 12 1
github.com/pbiondich/openmrs-cli/internal/cli/root.go:85.20,88.52 3 0
github.com/pbiondich/openmrs-cli/internal/cli/root.go:88.52,92.3 1 0
github.com/pbiondich/openmrs-cli/internal/cli/root.go:93.2,93.10 1 0
github.com/pbiondich/openmrs-cli/internal/cli/root.go:97.40,98.16 1 0
github.com/pbiondich/openmrs-cli/internal/cli/root.go:98.16,100.3 1 0
github.com/pbiondich/openmrs-cli/internal/cli/root.go:101.2,101.47 1 0
github.com/pbiondich/openmrs-cli/internal/cli/root.go:101.47,103.3 1 0
github.com/pbiondich/openmrs-cli/internal/cli/root.go:104.2,104.12 1 0
github.com/pbiondich/openmrs-cli/internal/cli/root.go:111.57,112.20 1 0
github.com/pbiondich/openmrs-cli/internal/cli/root.go:112.20,114.3 1 0
github.com/pbiondich/openmrs-cli/internal/cli/root.go:115.2,118.3 1 0
github.com/pbiondich/openmrs-cli/internal/cli/root.go:125.61,131.16 2 0
github.com/pbiondich/openmrs-cli/internal/cli/root.go:131.16,133.3 1 0
github.com/pbiondich/openmrs-cli/internal/cli/root.go:134.2,135.16 2 0
github.com/pbiondich/openmrs-cli/internal/cli/root.go:135.16,137.3 1 0
github.com/pbiondich/openmrs-cli/internal/cli/root.go:138.2,138.15 1 0
github.com/pbiondich/openmrs-cli/internal/cli/root.go:142.30,143.9 1 0
github.com/pbiondich/openmrs-cli/internal/cli/root.go:144.18,145.16 1 0
github.com/pbiondich/openmrs-cli/internal/cli/root.go:146.17,147.15 1 0
github.com/pbiondich/openmrs-cli/internal/cli/root.go:148.26,150.21 2 0
github.com/pbiondich/openmrs-cli/internal/cli/root.go:150.21,152.4 1 0
github.com/pbiondich/openmrs-cli/internal/cli/root.go:153.3,153.50 1 0
github.com/pbiondich/openmrs-cli/internal/cli/root.go:154.10,155.19 1 0
github.com/pbiondich/openmrs-cli/internal/cli/root.go:159.31,161.2 1 0
github.com/pbiondich/openmrs-cli/internal/cli/root.go:166.43,167.71 1 0
github.com/pbiondich/openmrs-cli/internal/cli/root.go:167.71,169.3 1 0
github.com/pbiondich/openmrs-cli/internal/cli/root.go:173.97,175.16 2 0
github.com/pbiondich/openmrs-cli/internal/cli/root.go:175.16,177.3 1 0
github.com/pbiondich/openmrs-cli/internal/cli/root.go:178.2,180.15 2 0
github.com/pbiondich/openmrs-cli/internal/cli/root.go:180.15,182.3 1 0
github.com/pbiondich/openmrs-cli/internal/cli/root.go:183.2,184.21 2 0
github.com/pbiondich/openmrs-cli/internal/cli/root.go:184.21,186.3 1 0
github.com/pbiondich/openmrs-cli/internal/cli/root.go:187.2,187.28 1 0
github.com/pbiondich/openmrs-cli/internal/cli/root.go:191.92,193.16 2 0
github.com/pbiondich/openmrs-cli/internal/cli/root.go:193.16,195.3 1 0
github.com/pbiondich/openmrs-cli/internal/cli/root.go:196.2,196.51 1 0
github.com/pbiondich/openmrs-cli/internal/cli/root.go:201.84,203.16 2 0
github.com/pbiondich/openmrs-cli/internal/cli/root.go:203.16,205.3 1 0
github.com/pbiondich/openmrs-cli/internal/cli/root.go:206.2,206.19 1 0
github.com/pbiondich/openmrs-cli/internal/cli/root.go:206.19,208.3 1 0
github.com/pbiondich/openmrs-cli/internal/cli/root.go:209.2,211.16 3 0
github.com/pbiondich/openmrs-cli/internal/cli/root.go:211.16,213.3 1 0
github.com/pbiondich/openmrs-cli/internal/cli/root.go:214.2,214.51 1 0
github.com/pbiondich/openmrs-cli/internal/cli/root.go:218.54,223.55 1 1
github.com/pbiondich/openmrs-cli/internal/cli/root.go:223.55,225.4 1 0
github.com/pbiondich/openmrs-cli/internal/cli/root.go:229.53,230.36 1 0
github.com/pbiondich/openmrs-cli/internal/cli/root.go:230.36,232.3 1 0
github.com/pbiondich/openmrs-cli/internal/cli/summary.go:65.39,68.86 2 1
github.com/pbiondich/openmrs-cli/internal/cli/summary.go:68.86,70.3 1 1
github.com/pbiondich/openmrs-cli/internal/cli/summary.go:71.2,71.26 1 1
github.com/pbiondich/openmrs-cli/internal/cli/summary.go:118.65,120.16 2 0
github.com/pbiondich/openmrs-cli/internal/cli/summary.go:120.16,122.3 1 0
github.com/pbiondich/openmrs-cli/internal/cli/summary.go:124.2,125.16 2 0
github.com/pbiondich/openmrs-cli/internal/cli/summary.go:125.16,127.3 1 0
github.com/pbiondich/openmrs-cli/internal/cli/summary.go:128.2,133.52 3 0
github.com/pbiondich/openmrs-cli/internal/cli/summary.go:133.52,135.3 1 0
github.com/pbiondich/openmrs-cli/internal/cli/summary.go:136.2,137.56 2 0
github.com/pbiondich/openmrs-cli/internal/cli/summary.go:137.56,139.17 2 0
github.com/pbiondich/openmrs-cli/internal/cli/summary.go:139.17,140.12 1 0
github.com/pbiondich/openmrs-cli/internal/cli/summary.go:142.3,142.27 1 0
github.com/pbiondich/openmrs-cli/internal/cli/summary.go:142.27,147.4 1 0
github.com/pbiondich/openmrs-cli/internal/cli/summary.go:148.3,148.22 1 0
github.com/pbiondich/openmrs-cli/internal/cli/summary.go:150.2,150.22 1 0
github.com/pbiondich/openmrs-cli/internal/cli/summary.go:150.22,155.3 1 0
github.com/pbiondich/openmrs-cli/internal/cli/summary.go:157.2,161.50 4 0
github.com/pbiondich/openmrs-cli/internal/cli/summary.go:161.50,162.20 1 0
github.com/pbiondich/openmrs-cli/internal/cli/summary.go:162.20,164.4 1 0
github.com/pbiondich/openmrs-cli/internal/cli/summary.go:165.3,166.13 2 0
github.com/pbiondich/openmrs-cli/internal/cli/summary.go:166.13,172.4 5 0
github.com/pbiondich/openmrs-cli/internal/cli/summary.go:175.2,175.31 1 0
github.com/pbiondich/openmrs-cli/internal/cli/summary.go:175.31,177.3 1 0
github.com/pbiondich/openmrs-cli/internal/cli/summary.go:178.2,178.34 1 0
github.com/pbiondich/openmrs-cli/internal/cli/summary.go:178.34,178.69 1 0
github.com/pbiondich/openmrs-cli/internal/cli/summary.go:179.2,179.35 1 0
github.com/pbiondich/openmrs-cli/internal/cli/summary.go:179.35,179.71 1 0
github.com/pbiondich/openmrs-cli/internal/cli/summary.go:180.2,180.34 1 0
github.com/pbiondich/openmrs-cli/internal/cli/summary.go:180.34,182.3 1 0
github.com/pbiondich/openmrs-cli/internal/cli/summary.go:183.2,183.30 1 0
github.com/pbiondich/openmrs-cli/internal/cli/summary.go:183.30,183.61 1 0
github.com/pbiondich/openmrs-cli/internal/cli/summary.go:184.2,184.32 1 0
github.com/pbiondich/openmrs-cli/internal/cli/summary.go:184.32,184.65 1 0
github.com/pbiondich/openmrs-cli/internal/cli/summary.go:185.2,185.36 1 0
github.com/pbiondich/openmrs-cli/internal/cli/summary.go:185.36,185.73 1 0
github.com/pbiondich/openmrs-cli/internal/cli/summary.go:187.2,193.32 3 0
github.com/pbiondich/openmrs-cli/internal/cli/summary.go:193.32,195.3 1 0
github.com/pbiondich/openmrs-cli/internal/cli/summary.go:196.2,202.32 2 0
github.com/pbiondich/openmrs-cli/internal/cli/summary.go:202.32,203.66 1 0
github.com/pbiondich/openmrs-cli/internal/cli/summary.go:203.66,205.4 1 0
github.com/pbiondich/openmrs-cli/internal/cli/summary.go:206.3,206.18 1 0
github.com/pbiondich/openmrs-cli/internal/cli/summary.go:206.18,208.4 1 0
github.com/pbiondich/openmrs-cli/internal/cli/summary.go:208.9,208.23 1 0
github.com/pbiondich/openmrs-cli/internal/cli/summary.go:208.23,210.4 1 0
github.com/pbiondich/openmrs-cli/internal/cli/summary.go:213.2,213.37 1 0
github.com/pbiondich/openmrs-cli/internal/cli/summary.go:213.37,215.3 1 0
github.com/pbiondich/openmrs-cli/internal/cli/summary.go:216.2,217.12 2 0
github.com/pbiondich/openmrs-cli/internal/cli/summary.go:227.75,229.15 2 1
github.com/pbiondich/openmrs-cli/internal/cli/summary.go:229.15,231.3 1 1
github.com/pbiondich/openmrs-cli/internal/cli/summary.go:232.2,232.29 1 1
github.com/pbiondich/openmrs-cli/internal/cli/summary.go:232.29,234.3 1 1
github.com/pbiondich/openmrs-cli/internal/cli/summary.go:242.2,245.16 2 1
github.com/pbiondich/openmrs-cli/internal/cli/summary.go:245.16,247.3 1 0
github.com/pbiondich/openmrs-cli/internal/cli/summary.go:248.2,249.69 2 1
github.com/pbiondich/openmrs-cli/internal/cli/summary.go:250.9,250.9 0 1
github.com/pbiondich/openmrs-cli/internal/cli/summary.go:252.9,253.23 1 1
github.com/pbiondich/openmrs-cli/internal/cli/summary.go:254.10,255.53 1 1
github.com/pbiondich/openmrs-cli/internal/cli/summary.go:258.2,261.16 2 1
github.com/pbiondich/openmrs-cli/internal/cli/summary.go:261.16,263.3 1 0
github.com/pbiondich/openmrs-cli/internal/cli/summary.go:264.2,264.65 1 1
github.com/pbiondich/openmrs-cli/internal/cli/summary.go:269.73,271.28 2 1
github.com/pbiondich/openmrs-cli/internal/cli/summary.go:271.28,273.53 2 1
github.com/pbiondich/openmrs-cli/internal/cli/summary.go:273.53,276.54 3 1
github.com/pbiondich/openmrs-cli/internal/cli/summary.go:276.54,278.10 2 1
github.com/pbiondich/openmrs-cli/internal/cli/summary.go:282.2,282.16 1 1
github.com/pbiondich/openmrs-cli/internal/cli/summary.go:285.46,287.25 2 1
github.com/pbiondich/openmrs-cli/internal/cli/summary.go:287.25,289.3 1 1
github.com/pbiondich/openmrs-cli/internal/cli/summary.go:290.2,290.12 1 1
github.com/pbiondich/openmrs-cli/internal/cli/summary.go:297.91,298.23 1 1
github.com/pbiondich/openmrs-cli/internal/cli/summary.go:298.23,299.28 1 1
github.com/pbiondich/openmrs-cli/internal/cli/summary.go:299.28,301.4 1 1
github.com/pbiondich/openmrs-cli/internal/cli/summary.go:302.3,305.4 1 1
github.com/pbiondich/openmrs-cli/internal/cli/summary.go:308.2,308.68 1 1
github.com/pbiondich/openmrs-cli/internal/cli/summary.go:308.68,310.3 1 1
github.com/pbiondich/openmrs-cli/internal/cli/summary.go:310.8,310.27 1 1
github.com/pbiondich/openmrs-cli/internal/cli/summary.go:310.27,312.3 1 0
github.com/pbiondich/openmrs-cli/internal/cli/summary.go:316.2,316.49 1 1
github.com/pbiondich/openmrs-cli/internal/cli/summary.go:316.49,319.3 2 1
github.com/pbiondich/openmrs-cli/internal/cli/summary.go:324.2,326.73 3 1
github.com/pbiondich/openmrs-cli/internal/cli/summary.go:326.73,329.25 3 1
github.com/pbiondich/openmrs-cli/internal/cli/summary.go:329.25,330.12 1 0
github.com/pbiondich/openmrs-cli/internal/cli/summary.go:332.3,333.27 2 1
github.com/pbiondich/openmrs-cli/internal/cli/summary.go:335.2,335.40 1 1
github.com/pbiondich/openmrs-cli/internal/cli/summary.go:338.68,340.31 2 1
github.com/pbiondich/openmrs-cli/internal/cli/summary.go:340.31,343.3 2 1
github.com/pbiondich/openmrs-cli/internal/cli/summary.go:344.2,348.3 1 1
github.com/pbiondich/openmrs-cli/internal/cli/summary.go:351.92,353.16 2 0
github.com/pbiondich/openmrs-cli/internal/cli/summary.go:353.16,355.3 1 0
github.com/pbiondich/openmrs-cli/internal/cli/summary.go:356.2,358.21 3 0
github.com/pbiondich/openmrs-cli/internal/cli/summary.go:358.21,361.3 2 0
github.com/pbiondich/openmrs-cli/internal/cli/summary.go:362.2,362.63 1 0
github.com/pbiondich/openmrs-cli/internal/cli/summary.go:367.62,369.16 2 1
github.com/pbiondich/openmrs-cli/internal/cli/summary.go:369.16,371.3 1 0
github.com/pbiondich/openmrs-cli/internal/cli/summary.go:372.2,373.45 2 1
github.com/pbiondich/openmrs-cli/internal/cli/summary.go:373.45,375.29 2 1
github.com/pbiondich/openmrs-cli/internal/cli/summary.go:375.29,377.4 1 1
github.com/pbiondich/openmrs-cli/internal/cli/summary.go:379.2,379.48 1 1
github.com/pbiondich/openmrs-cli/internal/cli/summary.go:384.49,387.14 2 1
github.com/pbiondich/openmrs-cli/internal/cli/summary.go:387.14,389.3 1 1
github.com/pbiondich/openmrs-cli/internal/cli/summary.go:390.2,390.23 1 1
github.com/pbiondich/openmrs-cli/internal/cli/summary.go:395.35,396.14 1 1
github.com/pbiondich/openmrs-cli/internal/cli/summary.go:396.14,398.3 1 0
github.com/pbiondich/openmrs-cli/internal/cli/summary.go:399.2,399.18 1 1
github.com/pbiondich/openmrs-cli/internal/cli/summary.go:400.41,401.13 1 1
github.com/pbiondich/openmrs-cli/internal/cli/summary.go:402.10,403.22 1 1
github.com/pbiondich/openmrs-cli/internal/cli/summary.go:413.63,415.28 2 0
github.com/pbiondich/openmrs-cli/internal/cli/summary.go:415.28,417.96 2 0
github.com/pbiondich/openmrs-cli/internal/cli/summary.go:417.96,419.4 1 0
github.com/pbiondich/openmrs-cli/internal/cli/summary.go:421.2,421.10 1 0
github.com/pbiondich/openmrs-cli/internal/cli/summary.go:429.58,433.16 2 1
github.com/pbiondich/openmrs-cli/internal/cli/summary.go:433.16,435.21 2 1
github.com/pbiondich/openmrs-cli/internal/cli/summary.go:435.21,437.4 1 0
github.com/pbiondich/openmrs-cli/internal/cli/summary.go:441.3,441.13 1 1
github.com/pbiondich/openmrs-cli/internal/cli/summary.go:441.13,443.4 1 1
github.com/pbiondich/openmrs-cli/internal/cli/summary.go:443.9,445.4 1 1
github.com/pbiondich/openmrs-cli/internal/cli/summary.go:446.3,447.72 2 1
github.com/pbiondich/openmrs-cli/internal/cli/summary.go:447.72,450.14 1 0
github.com/pbiondich/openmrs-cli/internal/cli/summary.go:450.14,452.5 1 0
github.com/pbiondich/openmrs-cli/internal/cli/summary.go:453.4,453.15 1 0
github.com/pbiondich/openmrs-cli/internal/cli/summary.go:455.3,455.26 1 1
github.com/pbiondich/openmrs-cli/internal/cli/summary.go:455.26,457.4 1 1
github.com/pbiondich/openmrs-cli/internal/cli/summary.go:459.3,459.31 1 1
github.com/pbiondich/openmrs-cli/internal/cli/summary.go:459.31,461.4 1 1
github.com/pbiondich/openmrs-cli/internal/cli/summary.go:462.3,462.50 1 0
github.com/pbiondich/openmrs-cli/internal/cli/summary.go:465.2,466.30 2 0
github.com/pbiondich/openmrs-cli/internal/cli/summary.go:469.81,472.28 3 1
github.com/pbiondich/openmrs-cli/internal/cli/summary.go:472.28,475.32 3 1
github.com/pbiondich/openmrs-cli/internal/cli/summary.go:475.32,476.12 1 1
github.com/pbiondich/openmrs-cli/internal/cli/summary.go:478.3,480.86 3 0
github.com/pbiondich/openmrs-cli/internal/cli/summary.go:480.86,482.4 1 0
github.com/pbiondich/openmrs-cli/internal/cli/summary.go:484.2,484.29 1 1
github.com/pbiondich/openmrs-cli/internal/cli/summary.go:484.29,486.3 1 0
github.com/pbiondich/openmrs-cli/internal/cli/summary.go:487.2,487.40 1 1
github.com/pbiondich/openmrs-cli/internal/cli/summary.go:487.40,491.3 3 0
github.com/pbiondich/openmrs-cli/internal/cli/summary.go:492.2,492.64 1 1
github.com/pbiondich/openmrs-cli/internal/cli/summary.go:495.59,499.16 2 1
github.com/pbiondich/openmrs-cli/internal/cli/summary.go:499.16,501.3 1 0
github.com/pbiondich/openmrs-cli/internal/cli/summary.go:502.2,504.24 3 1
github.com/pbiondich/openmrs-cli/internal/cli/summary.go:504.24,506.96 2 1
github.com/pbiondich/openmrs-cli/internal/cli/summary.go:506.96,507.12 1 0
github.com/pbiondich/openmrs-cli/internal/cli/summary.go:509.3,511.92 3 1
github.com/pbiondich/openmrs-cli/internal/cli/summary.go:511.92,513.4 1 1
github.com/pbiondich/openmrs-cli/internal/cli/summary.go:515.2,516.29 2 1
github.com/pbiondich/openmrs-cli/internal/cli/summary.go:516.29,518.3 1 1
github.com/pbiondich/openmrs-cli/internal/cli/summary.go:519.2,519.40 1 1
github.com/pbiondich/openmrs-cli/internal/cli/summary.go:519.40,523.3 3 0
github.com/pbiondich/openmrs-cli/internal/cli/summary.go:524.2,524.89 1 1
github.com/pbiondich/openmrs-cli/internal/cli/summary.go:537.60,542.16 2 1
github.com/pbiondich/openmrs-cli/internal/cli/summary.go:542.16,544.3 1 0
github.com/pbiondich/openmrs-cli/internal/cli/summary.go:545.2,546.20 2 1
github.com/pbiondich/openmrs-cli/internal/cli/summary.go:546.20,548.3 1 1
github.com/pbiondich/openmrs-cli/internal/cli/summary.go:549.2,549.12 1 1
github.com/pbiondich/openmrs-cli/internal/cli/summary.go:549.12,552.3 1 0
github.com/pbiondich/openmrs-cli/internal/cli/summary.go:556.2,561.17 3 1
github.com/pbiondich/openmrs-cli/internal/cli/summary.go:561.17,563.3 1 0
github.com/pbiondich/openmrs-cli/internal/cli/summary.go:564.2,565.23 2 1
github.com/pbiondich/openmrs-cli/internal/cli/summary.go:565.23,567.3 1 0
github.com/pbiondich/openmrs-cli/internal/cli/summary.go:570.2,572.10 3 1
github.com/pbiondich/openmrs-cli/internal/cli/summary.go:575.91,578.28 3 1
github.com/pbiondich/openmrs-cli/internal/cli/summary.go:578.28,582.16 4 1
github.com/pbiondich/openmrs-cli/internal/cli/summary.go:582.16,583.12 1 0
github.com/pbiondich/openmrs-cli/internal/cli/summary.go:585.3,586.29 2 1
github.com/pbiondich/openmrs-cli/internal/cli/summary.go:588.2,588.56 1 1
github.com/pbiondich/openmrs-cli/internal/cli/summary.go:593.52,594.95 1 1
github.com/pbiondich/openmrs-cli/internal/cli/summary.go:594.95,596.3 1 1
github.com/pbiondich/openmrs-cli/internal/cli/summary.go:597.2,597.69 1 1
github.com/pbiondich/openmrs-cli/internal/cli/summary.go:597.69,598.43 1 1
github.com/pbiondich/openmrs-cli/internal/cli/summary.go:598.43,600.4 1 1
github.com/pbiondich/openmrs-cli/internal/cli/summary.go:601.3,601.66 1 0
github.com/pbiondich/openmrs-cli/internal/cli/summary.go:601.66,603.4 1 0
github.com/pbiondich/openmrs-cli/internal/cli/summary.go:605.2,605.89 1 0
github.com/pbiondich/openmrs-cli/internal/cli/summary.go:605.89,607.3 1 0
github.com/pbiondich/openmrs-cli/internal/cli/summary.go:608.2,608.66 1 0
github.com/pbiondich/openmrs-cli/internal/cli/summary.go:608.66,610.3 1 0
github.com/pbiondich/openmrs-cli/internal/cli/summary.go:611.2,611.22 1 0
github.com/pbiondich/openmrs-cli/internal/cli/summary.go:615.52,616.50 1 1
github.com/pbiondich/openmrs-cli/internal/cli/summary.go:616.50,617.45 1 1
github.com/pbiondich/openmrs-cli/internal/cli/summary.go:617.45,619.4 1 1
github.com/pbiondich/openmrs-cli/internal/cli/summary.go:620.3,620.68 1 1
github.com/pbiondich/openmrs-cli/internal/cli/summary.go:620.68,622.4 1 1
github.com/pbiondich/openmrs-cli/internal/cli/summary.go:624.2,624.66 1 0
github.com/pbiondich/openmrs-cli/internal/cli/summary.go:624.66,626.3 1 0
github.com/pbiondich/openmrs-cli/internal/cli/summary.go:627.2,627.22 1 0
github.com/pbiondich/openmrs-cli/internal/cli/summary.go:632.54,633.74 1 1
github.com/pbiondich/openmrs-cli/internal/cli/summary.go:633.74,635.3 1 1
github.com/pbiondich/openmrs-cli/internal/cli/summary.go:636.2,636.71 1 0
github.com/pbiondich/openmrs-cli/internal/cli/summary.go:636.71,638.3 1 0
github.com/pbiondich/openmrs-cli/internal/cli/summary.go:639.2,639.66 1 0
github.com/pbiondich/openmrs-cli/internal/cli/summary.go:639.66,641.3 1 0
github.com/pbiondich/openmrs-cli/internal/cli/summary.go:642.2,642.24 1 0
github.com/pbiondich/openmrs-cli/internal/cli/summary.go:647.51,648.42 1 1
github.com/pbiondich/openmrs-cli/internal/cli/summary.go:648.42,652.17 4 1
github.com/pbiondich/openmrs-cli/internal/cli/summary.go:652.17,653.12 1 0
github.com/pbiondich/openmrs-cli/internal/cli/summary.go:655.3,656.45 2 1
github.com/pbiondich/openmrs-cli/internal/cli/summary.go:658.2,658.11 1 1
github.com/pbiondich/openmrs-cli/internal/cli/summary.go:661.45,663.2 1 0
github.com/pbiondich/openmrs-cli/internal/cli/summary.go:668.64,670.11 2 1
github.com/pbiondich/openmrs-cli/internal/cli/summary.go:670.11,672.3 1 0
github.com/pbiondich/openmrs-cli/internal/cli/summary.go:673.2,674.16 2 1
github.com/pbiondich/openmrs-cli/internal/cli/summary.go:674.16,676.3 1 0
github.com/pbiondich/openmrs-cli/internal/cli/summary.go:678.2,679.19 2 1
github.com/pbiondich/openmrs-cli/internal/cli/summary.go:679.19,682.3 2 0
github.com/pbiondich/openmrs-cli/internal/cli/summary.go:684.2,685.20 2 1
github.com/pbiondich/openmrs-cli/internal/cli/summary.go:685.20,688.3 2 0
github.com/pbiondich/openmrs-cli/internal/cli/summary.go:689.2,695.3 1 1
github.com/pbiondich/openmrs-cli/internal/cli/summary.go:699.128,705.17 2 1
github.com/pbiondich/openmrs-cli/internal/cli/summary.go:705.17,707.29 2 1
github.com/pbiondich/openmrs-cli/internal/cli/summary.go:707.29,710.54 3 1
github.com/pbiondich/openmrs-cli/internal/cli/summary.go:710.54,712.5 1 1
github.com/pbiondich/openmrs-cli/internal/cli/summary.go:714.3,714.20 1 1
github.com/pbiondich/openmrs-cli/internal/cli/summary.go:714.20,716.4 1 0
github.com/pbiondich/openmrs-cli/internal/cli/summary.go:717.3,717.65 1 1
github.com/pbiondich/openmrs-cli/internal/cli/summary.go:723.2,729.17 3 1
github.com/pbiondich/openmrs-cli/internal/cli/summary.go:729.17,731.3 1 0
github.com/pbiondich/openmrs-cli/internal/cli/summary.go:732.2,733.44 2 1
github.com/pbiondich/openmrs-cli/internal/cli/summary.go:733.44,739.3 5 1
github.com/pbiondich/openmrs-cli/internal/cli/summary.go:740.2,740.18 1 1
github.com/pbiondich/openmrs-cli/internal/cli/summary.go:740.18,742.3 1 0
github.com/pbiondich/openmrs-cli/internal/cli/summary.go:743.2,743.76 1 1
github.com/pbiondich/openmrs-cli/internal/cli/summary.go:748.64,749.16 1 1
github.com/pbiondich/openmrs-cli/internal/cli/summary.go:749.16,751.3 1 0
github.com/pbiondich/openmrs-cli/internal/cli/summary.go:752.2,753.14 2 1
github.com/pbiondich/openmrs-cli/internal/cli/summary.go:753.14,755.3 1 0
github.com/pbiondich/openmrs-cli/internal/cli/summary.go:756.2,758.41 3 1
github.com/pbiondich/openmrs-cli/internal/cli/summary.go:758.41,760.66 2 1
github.com/pbiondich/openmrs-cli/internal/cli/summary.go:760.66,762.9 2 1
github.com/pbiondich/openmrs-cli/internal/cli/summary.go:764.3,764.47 1 0
github.com/pbiondich/openmrs-cli/internal/cli/summary.go:764.47,766.9 2 0
github.com/pbiondich/openmrs-cli/internal/cli/summary.go:769.2,770.45 2 1
github.com/pbiondich/openmrs-cli/internal/cli/summary.go:770.45,772.78 2 1
github.com/pbiondich/openmrs-cli/internal/cli/summary.go:772.78,774.9 2 1
github.com/pbiondich/openmrs-cli/internal/cli/summary.go:777.2,782.3 1 1
github.com/pbiondich/openmrs-cli/internal/cli/summary.go:785.55,786.65 1 0
github.com/pbiondich/openmrs-cli/internal/cli/summary.go:786.65,788.3 1 0
github.com/pbiondich/openmrs-cli/internal/cli/summary.go:789.2,789.42 1 0
github.com/pbiondich/openmrs-cli/internal/cli/summary.go:789.42,791.69 2 0
github.com/pbiondich/openmrs-cli/internal/cli/summary.go:791.69,793.4 1 0
github.com/pbiondich/openmrs-cli/internal/cli/summary.go:795.2,795.11 1 0
github.com/pbiondich/openmrs-cli/internal/cli/summary.go:799.81,802.25 3 1
github.com/pbiondich/openmrs-cli/internal/cli/summary.go:802.25,804.17 2 1
github.com/pbiondich/openmrs-cli/internal/cli/summary.go:804.17,805.12 1 0
github.com/pbiondich/openmrs-cli/internal/cli/summary.go:807.3,808.31 2 1
github.com/pbiondich/openmrs-cli/internal/cli/summary.go:808.31,815.18 4 1
github.com/pbiondich/openmrs-cli/internal/cli/summary.go:815.18,823.5 7 0
github.com/pbiondich/openmrs-cli/internal/cli/summary.go:824.4,826.58 3 1
github.com/pbiondich/openmrs-cli/internal/cli/summary.go:826.58,833.5 6 1
github.com/pbiondich/openmrs-cli/internal/cli/summary.go:834.4,834.34 1 0
github.com/pbiondich/openmrs-cli/internal/cli/summary.go:837.2,838.27 2 1
github.com/pbiondich/openmrs-cli/internal/cli/summary.go:844.73,845.18 1 1
github.com/pbiondich/openmrs-cli/internal/cli/summary.go:845.18,847.3 1 1
github.com/pbiondich/openmrs-cli/internal/cli/summary.go:848.2,849.21 2 1
github.com/pbiondich/openmrs-cli/internal/cli/summary.go:849.21,851.3 1 1
github.com/pbiondich/openmrs-cli/internal/cli/summary.go:852.2,858.3 1 1
github.com/pbiondich/openmrs-cli/internal/cli/summary.go:863.77,864.27 1 1
github.com/pbiondich/openmrs-cli/internal/cli/summary.go:864.27,866.3 1 1
github.com/pbiondich/openmrs-cli/internal/cli/summary.go:867.2,867.44 1 1
github.com/pbiondich/openmrs-cli/internal/cli/summary.go:867.44,870.16 3 1
github.com/pbiondich/openmrs-cli/internal/cli/summary.go:870.16,872.4 1 0
github.com/pbiondich/openmrs-cli/internal/cli/summary.go:873.3,873.37 1 1
github.com/pbiondich/openmrs-cli/internal/cli/summary.go:873.37,875.4 1 1
github.com/pbiondich/openmrs-cli/internal/cli/summary.go:877.2,877.14 1 1
github.com/pbiondich/openmrs-cli/internal/cli/summary.go:882.73,883.31 1 1
github.com/pbiondich/openmrs-cli/internal/cli/summary.go:883.31,885.3 1 1
github.com/pbiondich/openmrs-cli/internal/cli/summary.go:886.2,886.27 1 1
github.com/pbiondich/openmrs-cli/internal/cli/summary.go:886.27,888.3 1 1
github.com/pbiondich/openmrs-cli/internal/cli/summary.go:889.2,889.43 1 1
github.com/pbiondich/openmrs-cli/internal/cli/summary.go:889.43,891.26 2 1
github.com/pbiondich/openmrs-cli/internal/cli/summary.go:891.26,893.4 1 1
github.com/pbiondich/openmrs-cli/internal/cli/summary.go:895.2,895.14 1 1
github.com/pbiondich/openmrs-cli/internal/cli/summary.go:898.27,901.2 2 1
github.com/pbiondich/openmrs-cli/internal/cli/summary.go:903.32,904.18 1 0
github.com/pbiondich/openmrs-cli/internal/cli/summary.go:904.18,906.3 1 0
github.com/pbiondich/openmrs-cli/internal/cli/summary.go:907.2,907.10 1 0
github.com/pbiondich/openmrs-cli/internal/cli/summary.go:911.74,917.54 3 0
github.com/pbiondich/openmrs-cli/internal/cli/summary.go:917.54,919.3 1 0
github.com/pbiondich/openmrs-cli/internal/cli/summary.go:920.2,920.56 1 0
github.com/pbiondich/openmrs-cli/internal/cli/summary.go:920.56,923.3 2 0
github.com/pbiondich/openmrs-cli/internal/cli/summary.go:924.2,926.77 2 0
github.com/pbiondich/openmrs-cli/internal/cli/summary.go:926.77,928.10 2 0
github.com/pbiondich/openmrs-cli/internal/cli/summary.go:928.10,930.4 1 0
github.com/pbiondich/openmrs-cli/internal/cli/summary.go:931.3,932.18 2 0
github.com/pbiondich/openmrs-cli/internal/cli/summary.go:932.18,934.4 1 0
github.com/pbiondich/openmrs-cli/internal/cli/summary.go:934.9,934.23 1 0
github.com/pbiondich/openmrs-cli/internal/cli/summary.go:934.23,936.4 1 0
github.com/pbiondich/openmrs-cli/internal/cli/summary.go:937.3,937.19 1 0
github.com/pbiondich/openmrs-cli/internal/cli/summary.go:938.26,939.48 1 0
github.com/pbiondich/openmrs-cli/internal/cli/summary.go:940.23,941.57 1 0
github.com/pbiondich/openmrs-cli/internal/cli/summary.go:942.28,943.65 1 0
github.com/pbiondich/openmrs-cli/internal/cli/summary.go:944.19,945.27 1 0
github.com/pbiondich/openmrs-cli/internal/cli/summary.go:945.27,947.5 1 0
github.com/pbiondich/openmrs-cli/internal/cli/summary.go:947.10,949.5 1 0
github.com/pbiondich/openmrs-cli/internal/cli/summary.go:950.11,951.33 1 0
github.com/pbiondich/openmrs-cli/internal/cli/summary.go:951.33,954.29 3 0
github.com/pbiondich/openmrs-cli/internal/cli/summary.go:954.29,955.30 1 0
github.com/pbiondich/openmrs-cli/internal/cli/summary.go:956.32,958.15 2 0
github.com/pbiondich/openmrs-cli/internal/cli/summary.go:959.28,960.72 1 0
github.com/pbiondich/openmrs-cli/internal/cli/summary.go:962.6,962.44 1 0
github.com/pbiondich/openmrs-cli/internal/cli/summary.go:962.44,965.7 2 0
github.com/pbiondich/openmrs-cli/internal/cli/summary.go:971.2,971.70 1 0
github.com/pbiondich/openmrs-cli/internal/cli/summary.go:971.70,976.3 1 0
github.com/pbiondich/openmrs-cli/internal/cli/summary.go:977.2,977.69 1 0
github.com/pbiondich/openmrs-cli/internal/cli/summary.go:977.69,981.3 1 0
github.com/pbiondich/openmrs-cli/internal/cli/summary.go:982.2,983.66 2 0
github.com/pbiondich/openmrs-cli/internal/cli/summary.go:983.66,985.3 1 0
github.com/pbiondich/openmrs-cli/internal/cli/summary.go:986.2,986.64 1 0
github.com/pbiondich/openmrs-cli/internal/cli/summary.go:986.64,987.104 1 0
github.com/pbiondich/openmrs-cli/internal/cli/summary.go:987.104,989.71 2 0
github.com/pbiondich/openmrs-cli/internal/cli/summary.go:989.71,991.5 1 0
github.com/pbiondich/openmrs-cli/internal/cli/summary.go:992.4,992.53 1 0
github.com/pbiondich/openmrs-cli/internal/cli/summary.go:992.53,994.5 1 0
github.com/pbiondich/openmrs-cli/internal/cli/summary.go:995.4,995.15 1 0
github.com/pbiondich/openmrs-cli/internal/cli/summary.go:997.3,997.115 1 0
github.com/pbiondich/openmrs-cli/internal/cli/summary.go:999.2,999.71 1 0
github.com/pbiondich/openmrs-cli/internal/cli/summary.go:999.71,1001.3 1 0
github.com/pbiondich/openmrs-cli/internal/cli/summary.go:1002.2,1003.75 2 0
github.com/pbiondich/openmrs-cli/internal/cli/summary.go:1003.75,1005.3 1 0
github.com/pbiondich/openmrs-cli/internal/cli/summary.go:1006.2,1006.68 1 0
github.com/pbiondich/openmrs-cli/internal/cli/summary.go:1006.68,1012.3 1 0
github.com/pbiondich/openmrs-cli/internal/cli/summary.go:1013.2,1013.122 1 0
github.com/pbiondich/openmrs-cli/internal/cli/summary.go:1013.122,1018.3 1 0
github.com/pbiondich/openmrs-cli/internal/cli/summary.go:1019.2,1019.69 1 0
github.com/pbiondich/openmrs-cli/internal/cli/summary.go:1019.69,1021.54 2 0
github.com/pbiondich/openmrs-cli/internal/cli/summary.go:1021.54,1023.4 1 0
github.com/pbiondich/openmrs-cli/internal/cli/summary.go:1024.3,1024.55 1 0
github.com/pbiondich/openmrs-cli/internal/cli/summary.go:1024.55,1026.4 1 0
github.com/pbiondich/openmrs-cli/internal/cli/summary.go:1027.3,1027.14 1 0
github.com/pbiondich/openmrs-cli/internal/cli/summary.go:1031.13,1035.2 3 1
github.com/pbiondich/openmrs-cli/internal/cli/user.go:21.54,23.22 2 0
github.com/pbiondich/openmrs-cli/internal/cli/user.go:23.22,25.4 1 0
github.com/pbiondich/openmrs-cli/internal/cli/user.go:26.3,26.58 1 0
github.com/pbiondich/openmrs-cli/internal/cli/user.go:30.13,34.2 3 1
github.com/pbiondich/openmrs-cli/internal/cli/visit.go:23.54,25.25 2 0
github.com/pbiondich/openmrs-cli/internal/cli/visit.go:25.25,27.4 1 0
github.com/pbiondich/openmrs-cli/internal/cli/visit.go:28.3,28.23 1 0
github.com/pbiondich/openmrs-cli/internal/cli/visit.go:28.23,30.18 2 0
github.com/pbiondich/openmrs-cli/internal/cli/visit.go:30.18,32.5 1 0
github.com/pbiondich/openmrs-cli/internal/cli/visit.go:33.4,33.34 1 0
github.com/pbiondich/openmrs-cli/internal/cli/visit.go:35.3,35.23 1 0
github.com/pbiondich/openmrs-cli/internal/cli/visit.go:35.23,37.18 2 0
github.com/pbiondich/openmrs-cli/internal/cli/visit.go:37.18,39.5 1 0
github.com/pbiondich/openmrs-cli/internal/cli/visit.go:40.4,40.32 1 0
github.com/pbiondich/openmrs-cli/internal/cli/visit.go:42.3,42.60 1 0
github.com/pbiondich/openmrs-cli/internal/cli/visit.go:46.13,52.2 5 1
github.com/pbiondich/openmrs-cli/internal/config/config.go:66.27,69.2 2 1
github.com/pbiondich/openmrs-cli/internal/config/config.go:71.20,72.44 1 1
github.com/pbiondich/openmrs-cli/internal/config/config.go:72.44,74.3 1 1
github.com/pbiondich/openmrs-cli/internal/config/config.go:75.2,76.16 2 0
github.com/pbiondich/openmrs-cli/internal/config/config.go:76.16,78.3 1 0
github.com/pbiondich/openmrs-cli/internal/config/config.go:79.2,79.62 1 0
github.com/pbiondich/openmrs-cli/internal/config/config.go:85.24,93.2 1 1
github.com/pbiondich/openmrs-cli/internal/config/config.go:97.30,99.16 2 1
github.com/pbiondich/openmrs-cli/internal/config/config.go:99.16,100.25 1 0
github.com/pbiondich/openmrs-cli/internal/config/config.go:100.25,102.4 1 0
github.com/pbiondich/openmrs-cli/internal/config/config.go:103.3,103.63 1 0
github.com/pbiondich/openmrs-cli/internal/config/config.go:105.2,106.51 2 1
github.com/pbiondich/openmrs-cli/internal/config/config.go:106.51,108.3 1 0
github.com/pbiondich/openmrs-cli/internal/config/config.go:109.2,109.25 1 1
github.com/pbiondich/openmrs-cli/internal/config/config.go:109.25,111.3 1 0
github.com/pbiondich/openmrs-cli/internal/config/config.go:112.2,112.18 1 1
github.com/pbiondich/openmrs-cli/internal/config/config.go:115.30,117.63 2 1
github.com/pbiondich/openmrs-cli/internal/config/config.go:117.63,119.3 1 0
github.com/pbiondich/openmrs-cli/internal/config/config.go:120.2,121.16 2 1
github.com/pbiondich/openmrs-cli/internal/config/config.go:121.16,123.3 1 0
github.com/pbiondich/openmrs-cli/internal/config/config.go:124.2,124.70 1 1
github.com/pbiondich/openmrs-cli/internal/config/config.go:124.70,126.3 1 0
github.com/pbiondich/openmrs-cli/internal/config/config.go:127.2,127.30 1 1
github.com/pbiondich/openmrs-cli/internal/config/config.go:133.53,135.15 2 1
github.com/pbiondich/openmrs-cli/internal/config/config.go:135.15,137.3 1 0
github.com/pbiondich/openmrs-cli/internal/config/config.go:138.2,139.16 2 1
github.com/pbiondich/openmrs-cli/internal/config/config.go:139.16,141.3 1 0
github.com/pbiondich/openmrs-cli/internal/config/config.go:142.2,142.47 1 1
github.com/pbiondich/openmrs-cli/internal/config/config.go:142.47,144.3 1 1
github.com/pbiondich/openmrs-cli/internal/config/config.go:145.2,145.19 1 1
github.com/pbiondich/openmrs-cli/internal/config/config.go:145.19,147.3 1 1
github.com/pbiondich/openmrs-cli/internal/config/config.go:148.2,148.18 1 1
github.com/pbiondich/openmrs-cli/internal/config/config.go:148.18,150.3 1 0
github.com/pbiondich/openmrs-cli/internal/config/config.go:151.2,151.57 1 1
github.com/pbiondich/openmrs-cli/internal/config/config.go:151.57,153.3 1 1
github.com/pbiondich/openmrs-cli/internal/config/config.go:154.2,154.41 1 1
github.com/pbiondich/openmrs-cli/internal/config/config.go:157.39,158.16 1 1
github.com/pbiondich/openmrs-cli/internal/config/config.go:158.16,160.3 1 0
github.com/pbiondich/openmrs-cli/internal/config/config.go:161.2,161.42 1 1
github.com/pbiondich/openmrs-cli/internal/config/config.go:161.42,163.3 1 1
github.com/pbiondich/openmrs-cli/internal/config/config.go:164.2,165.37 2 1
github.com/pbiondich/openmrs-cli/internal/config/config.go:169.45,171.16 2 1
github.com/pbiondich/openmrs-cli/internal/config/config.go:171.16,173.3 1 0
github.com/pbiondich/openmrs-cli/internal/config/config.go:178.2,181.23 3 1
github.com/pbiondich/openmrs-cli/internal/config/config.go:181.23,183.3 1 1
github.com/pbiondich/openmrs-cli/internal/config/config.go:184.2,184.23 1 1
github.com/pbiondich/openmrs-cli/internal/config/config.go:184.23,186.3 1 1
github.com/pbiondich/openmrs-cli/internal/config/config.go:190.2,192.23 3 1
github.com/pbiondich/openmrs-cli/internal/config/config.go:192.23,194.10 2 1
github.com/pbiondich/openmrs-cli/internal/config/config.go:194.10,196.58 1 1
github.com/pbiondich/openmrs-cli/internal/config/config.go:196.58,198.5 1 1
github.com/pbiondich/openmrs-cli/internal/config/config.go:199.9,201.19 2 1
github.com/pbiondich/openmrs-cli/internal/config/config.go:201.19,203.5 1 1
github.com/pbiondich/openmrs-cli/internal/config/config.go:204.4,204.20 1 1
github.com/pbiondich/openmrs-cli/internal/config/config.go:204.20,206.5 1 1
github.com/pbiondich/openmrs-cli/internal/config/config.go:207.4,207.37 1 1
github.com/pbiondich/openmrs-cli/internal/config/config.go:207.37,210.12 3 1
github.com/pbiondich/openmrs-cli/internal/config/config.go:211.21,212.23 1 0
github.com/pbiondich/openmrs-cli/internal/config/config.go:213.46,213.46 0 1
github.com/pbiondich/openmrs-cli/internal/config/config.go:215.13,219.27 1 0
github.com/pbiondich/openmrs-cli/internal/config/config.go:221.10,221.31 1 1
github.com/pbiondich/openmrs-cli/internal/config/config.go:221.31,223.5 1 1
github.com/pbiondich/openmrs-cli/internal/config/config.go:227.2,227.44 1 1
github.com/pbiondich/openmrs-cli/internal/config/config.go:227.44,229.3 1 0
github.com/pbiondich/openmrs-cli/internal/config/config.go:230.2,230.42 1 1
github.com/pbiondich/openmrs-cli/internal/config/config.go:230.42,232.3 1 0
github.com/pbiondich/openmrs-cli/internal/config/config.go:233.2,233.46 1 1
github.com/pbiondich/openmrs-cli/internal/config/config.go:233.46,235.3 1 1
github.com/pbiondich/openmrs-cli/internal/config/config.go:237.2,237.20 1 1
github.com/pbiondich/openmrs-cli/internal/config/config.go:237.20,239.3 1 0
github.com/pbiondich/openmrs-cli/internal/config/config.go:240.2,240.18 1 1
github.com/pbiondich/openmrs-cli/internal/config/config.go:240.18,242.3 1 1
github.com/pbiondich/openmrs-cli/internal/config/config.go:243.2,243.22 1 1
github.com/pbiondich/openmrs-cli/internal/config/config.go:243.22,245.3 1 1
github.com/pbiondich/openmrs-cli/internal/config/config.go:249.2,249.49 1 1
github.com/pbiondich/openmrs-cli/internal/config/config.go:249.49,250.29 1 1
github.com/pbiondich/openmrs-cli/internal/config/config.go:250.29,253.4 1 0
github.com/pbiondich/openmrs-cli/internal/config/config.go:254.3,255.40 1 1
github.com/pbiondich/openmrs-cli/internal/config/config.go:258.2,259.16 2 1
github.com/pbiondich/openmrs-cli/internal/config/config.go:259.16,261.3 1 0
github.com/pbiondich/openmrs-cli/internal/config/config.go:262.2,264.17 2 1
github.com/pbiondich/openmrs-cli/internal/client/client.go:36.32,37.14 1 1
github.com/pbiondich/openmrs-cli/internal/client/client.go:38.16,39.11 1 1
github.com/pbiondich/openmrs-cli/internal/client/client.go:40.22,41.11 1 1
github.com/pbiondich/openmrs-cli/internal/client/client.go:42.20,43.11 1 1
github.com/pbiondich/openmrs-cli/internal/client/client.go:44.22,45.11 1 1
github.com/pbiondich/openmrs-cli/internal/client/client.go:46.21,47.11 1 1
github.com/pbiondich/openmrs-cli/internal/client/client.go:48.10,49.11 1 1
github.com/pbiondich/openmrs-cli/internal/client/client.go:61.35,61.55 1 1
github.com/pbiondich/openmrs-cli/internal/client/client.go:76.37,78.2 1 1
github.com/pbiondich/openmrs-cli/internal/client/client.go:83.62,84.15 1 1
github.com/pbiondich/openmrs-cli/internal/client/client.go:84.15,86.3 1 0
github.com/pbiondich/openmrs-cli/internal/client/client.go:86.8,86.36 1 1
github.com/pbiondich/openmrs-cli/internal/client/client.go:86.36,91.3 3 1
github.com/pbiondich/openmrs-cli/internal/client/client.go:92.2,97.3 1 1
github.com/pbiondich/openmrs-cli/internal/client/client.go:100.39,105.2 1 1
github.com/pbiondich/openmrs-cli/internal/client/client.go:110.71,111.20 1 1
github.com/pbiondich/openmrs-cli/internal/client/client.go:111.20,113.3 1 0
github.com/pbiondich/openmrs-cli/internal/client/client.go:114.2,114.19 1 1
github.com/pbiondich/openmrs-cli/internal/client/client.go:114.19,116.3 1 0
github.com/pbiondich/openmrs-cli/internal/client/client.go:117.2,118.100 2 1
github.com/pbiondich/openmrs-cli/internal/client/client.go:118.100,120.3 1 1
github.com/pbiondich/openmrs-cli/internal/client/client.go:121.2,121.12 1 0
github.com/pbiondich/openmrs-cli/internal/client/client.go:126.59,127.14 1 1
github.com/pbiondich/openmrs-cli/internal/client/client.go:127.14,129.3 1 0
github.com/pbiondich/openmrs-cli/internal/client/client.go:130.2,132.12 3 1
github.com/pbiondich/openmrs-cli/internal/client/client.go:135.35,135.55 1 0
github.com/pbiondich/openmrs-cli/internal/client/client.go:137.51,138.30 1 1
github.com/pbiondich/openmrs-cli/internal/client/client.go:138.30,140.3 1 1
github.com/pbiondich/openmrs-cli/internal/client/client.go:141.2,141.29 1 1
github.com/pbiondich/openmrs-cli/internal/client/client.go:148.105,149.16 1 1
github.com/pbiondich/openmrs-cli/internal/client/client.go:149.16,151.3 1 0
github.com/pbiondich/openmrs-cli/internal/client/client.go:152.2,153.16 2 1
github.com/pbiondich/openmrs-cli/internal/client/client.go:153.16,155.3 1 0
github.com/pbiondich/openmrs-cli/internal/client/client.go:156.2,156.34 1 1
github.com/pbiondich/openmrs-cli/internal/client/client.go:156.34,158.3 1 1
github.com/pbiondich/openmrs-cli/internal/client/client.go:159.2,161.17 3 1
github.com/pbiondich/openmrs-cli/internal/client/client.go:161.17,163.3 1 1
github.com/pbiondich/openmrs-cli/internal/client/client.go:165.2,166.16 2 1
github.com/pbiondich/openmrs-cli/internal/client/client.go:166.16,167.39 1 1
github.com/pbiondich/openmrs-cli/internal/client/client.go:167.39,169.4 1 1
github.com/pbiondich/openmrs-cli/internal/client/client.go:170.3,170.47 1 1
github.com/pbiondich/openmrs-cli/internal/client/client.go:170.47,172.4 1 0
github.com/pbiondich/openmrs-cli/internal/client/client.go:173.3,175.46 3 1
github.com/pbiondich/openmrs-cli/internal/client/client.go:175.46,177.4 1 0
github.com/pbiondich/openmrs-cli/internal/client/client.go:178.3,178.60 1 1
github.com/pbiondich/openmrs-cli/internal/client/client.go:180.2,183.16 3 1
github.com/pbiondich/openmrs-cli/internal/client/client.go:183.16,185.3 1 0
github.com/pbiondich/openmrs-cli/internal/client/client.go:187.2,187.28 1 1
github.com/pbiondich/openmrs-cli/internal/client/client.go:187.28,189.3 1 1
github.com/pbiondich/openmrs-cli/internal/client/client.go:194.2,194.94 1 1
github.com/pbiondich/openmrs-cli/internal/client/client.go:194.94,196.3 1 0
github.com/pbiondich/openmrs-cli/internal/client/client.go:198.2,199.55 2 1
github.com/pbiondich/openmrs-cli/internal/client/client.go:199.55,205.3 1 0
github.com/pbiondich/openmrs-cli/internal/client/client.go:206.2,206.17 1 1
github.com/pbiondich/openmrs-cli/internal/client/client.go:210.78,212.2 1 1
github.com/pbiondich/openmrs-cli/internal/client/client.go:215.106,217.21 2 1
github.com/pbiondich/openmrs-cli/internal/client/client.go:217.21,219.3 1 1
github.com/pbiondich/openmrs-cli/internal/client/client.go:220.2,220.42 1 1
github.com/pbiondich/openmrs-cli/internal/client/client.go:226.82,228.2 1 0
github.com/pbiondich/openmrs-cli/internal/client/client.go:231.110,233.21 2 0
github.com/pbiondich/openmrs-cli/internal/client/client.go:233.21,235.3 1 0
github.com/pbiondich/openmrs-cli/internal/client/client.go:236.2,237.16 2 0
github.com/pbiondich/openmrs-cli/internal/client/client.go:237.16,239.3 1 0
github.com/pbiondich/openmrs-cli/internal/client/client.go:240.2,240.47 1 0
github.com/pbiondich/openmrs-cli/internal/client/client.go:240.47,242.3 1 0
github.com/pbiondich/openmrs-cli/internal/client/client.go:243.2,243.17 1 0
github.com/pbiondich/openmrs-cli/internal/client/client.go:248.62,250.9 2 1
github.com/pbiondich/openmrs-cli/internal/client/client.go:251.41,252.18 1 1
github.com/pbiondich/openmrs-cli/internal/client/client.go:253.38,254.23 1 1
github.com/pbiondich/openmrs-cli/internal/client/client.go:255.37,256.22 1 1
github.com/pbiondich/openmrs-cli/internal/client/client.go:257.39,258.24 1 0
github.com/pbiondich/openmrs-cli/internal/client/client.go:261.2,269.74 4 1
github.com/pbiondich/openmrs-cli/internal/client/client.go:269.74,272.3 2 1
github.com/pbiondich/openmrs-cli/internal/client/client.go:273.2,273.80 1 1
github.com/pbiondich/openmrs-cli/internal/client/client.go:277.33,278.45 1 1
github.com/pbiondich/openmrs-cli/internal/client/client.go:278.45,280.3 1 1
github.com/pbiondich/openmrs-cli/internal/client/client.go:281.2,281.10 1 1
github.com/pbiondich/openmrs-cli/internal/client/client.go:285.95,287.2 1 1
github.com/pbiondich/openmrs-cli/internal/client/client.go:290.123,292.21 2 1
github.com/pbiondich/openmrs-cli/internal/client/client.go:292.21,294.3 1 0
github.com/pbiondich/openmrs-cli/internal/client/client.go:296.2,299.39 4 1
github.com/pbiondich/openmrs-cli/internal/client/client.go:299.39,300.35 1 1
github.com/pbiondich/openmrs-cli/internal/client/client.go:300.35,301.40 1 0
github.com/pbiondich/openmrs-cli/internal/client/client.go:301.40,303.5 1 0
github.com/pbiondich/openmrs-cli/internal/client/client.go:304.4,304.107 1 0
github.com/pbiondich/openmrs-cli/internal/client/client.go:306.3,306.26 1 1
github.com/pbiondich/openmrs-cli/internal/client/client.go:306.26,312.9 4 0
github.com/pbiondich/openmrs-cli/internal/client/client.go:315.3,316.17 2 1
github.com/pbiondich/openmrs-cli/internal/client/client.go:316.17,318.4 1 0
github.com/pbiondich/openmrs-cli/internal/client/client.go:319.3,320.24 2 1
github.com/pbiondich/openmrs-cli/internal/client/client.go:320.24,321.9 1 1
github.com/pbiondich/openmrs-cli/internal/client/client.go:323.3,324.39 2 1
github.com/pbiondich/openmrs-cli/internal/client/client.go:324.39,326.4 1 0
github.com/pbiondich/openmrs-cli/internal/client/client.go:327.3,327.27 1 1
github.com/pbiondich/openmrs-cli/internal/client/client.go:327.27,334.9 5 1
github.com/pbiondich/openmrs-cli/internal/client/client.go:336.3,337.17 2 1
github.com/pbiondich/openmrs-cli/internal/client/client.go:337.17,339.4 1 1
github.com/pbiondich/openmrs-cli/internal/client/client.go:340.3,340.11 1 1
github.com/pbiondich/openmrs-cli/internal/client/client.go:342.2,343.15 2 1
github.com/pbiondich/openmrs-cli/internal/client/client.go:343.15,345.3 1 1
github.com/pbiondich/openmrs-cli/internal/client/client.go:346.2,346.23 1 1
github.com/pbiondich/openmrs-cli/internal/client/client.go:346.23,348.3 1 0
github.com/pbiondich/openmrs-cli/internal/client/client.go:349.2,349.17 1 1
github.com/pbiondich/openmrs-cli/internal/client/client.go:355.63,356.16 1 1
github.com/pbiondich/openmrs-cli/internal/client/client.go:356.16,358.3 1 1
github.com/pbiondich/openmrs-cli/internal/client/client.go:359.2,360.16 2 1
github.com/pbiondich/openmrs-cli/internal/client/client.go:360.16,362.3 1 0
github.com/pbiondich/openmrs-cli/internal/client/client.go:363.2,364.16 2 1
github.com/pbiondich/openmrs-cli/internal/client/client.go:364.16,366.3 1 0
github.com/pbiondich/openmrs-cli/internal/client/client.go:367.2,367.16 1 1
github.com/pbiondich/openmrs-cli/internal/client/client.go:367.16,369.3 1 1
github.com/pbiondich/openmrs-cli/internal/client/client.go:370.2,370.19 1 1
github.com/pbiondich/openmrs-cli/internal/client/client.go:370.19,375.3 1 1
github.com/pbiondich/openmrs-cli/internal/client/client.go:376.2,376.88 1 1
github.com/pbiondich/openmrs-cli/internal/client/client.go:376.88,381.3 1 1
github.com/pbiondich/openmrs-cli/internal/client/client.go:384.2,384.87 1 1
github.com/pbiondich/openmrs-cli/internal/client/client.go:384.87,389.3 1 1
github.com/pbiondich/openmrs-cli/internal/client/client.go:390.2,390.24 1 1
github.com/pbiondich/openmrs-cli/internal/client/client.go:393.43,395.26 2 1
github.com/pbiondich/openmrs-cli/internal/client/client.go:395.26,397.26 2 1
github.com/pbiondich/openmrs-cli/internal/client/client.go:397.26,400.4 2 1
github.com/pbiondich/openmrs-cli/internal/client/client.go:402.2,402.11 1 1
